# JRE version: Java(TM) SE Runtime Environment (20.0.2+9) (build 20.0.2+9-78)
# Java VM: Java HotSpot(TM) 64-Bit Server VM (20.0.2+9-78, mixed mode, sharing, tiered, compressed oops, compressed class ptrs, g1 gc, windows-amd64)
GC Precious Log:
 CardTable entry size: 512
 Card Set container configuration: InlinePtr #cards 4 size 8 Array Of Cards #cards 16 size 48 Howl #buckets 8 coarsen threshold 3686 Howl Bitmap #cards 512 size 80 coarsen threshold 460 Card regions per heap region 1 cards per card region 4096
 CPUs: 12 total, 12 available
 Memory: 11992M
 Large Page Support: Disabled
 NUMA Support: Disabled
 Compressed Oops: Enabled (Zero based)
 Heap Region Size: 2M
 Heap Min Capacity: 8M
 Heap Initial Capacity: 188M
 Heap Max Capacity: 3000M
 Pre-touch: Disabled
 Parallel Workers: 10
 Concurrent Workers: 3
 Concurrent Refinement Workers: 10
 Periodic GC: Disabled
Heap:
 garbage-first heap   total 122880K, used 94101K [0x0000000744800000, 0x0000000800000000)
  region size 2048K, 18 young (36864K), 1 survivors (2048K)
 Metaspace       used 82093K, committed 83008K, reserved 1179648K
  class space    used 10114K, committed 10624K, reserved 1048576K
GC Heap History (20 events):
Event: 3311.776 GC heap after
{Heap after GC invocations=51 (full 1):
 garbage-first heap   total 122880K, used 67587K [0x0000000744800000, 0x0000000800000000)
  region size 2048K, 1 young (2048K), 1 survivors (2048K)
 Metaspace       used 81878K, committed 82816K, reserved 1179648K
  class space    used 10171K, committed 10624K, reserved 1048576K
}
Event: 3512.979 GC heap before
{Heap before GC invocations=52 (full 1):
 garbage-first heap   total 122880K, used 108547K [0x0000000744800000, 0x0000000800000000)
  region size 2048K, 22 young (45056K), 1 survivors (2048K)
 Metaspace       used 81549K, committed 82816K, reserved 1179648K
  class space    used 10083K, committed 10624K, reserved 1048576K
}
Event: 3512.981 GC heap after
{Heap after GC invocations=53 (full 1):
 garbage-first heap   total 122880K, used 65518K [0x0000000744800000, 0x0000000800000000)
  region size 2048K, 1 young (2048K), 1 survivors (2048K)
 Metaspace       used 81549K, committed 82816K, reserved 1179648K
  class space    used 10083K, committed 10624K, reserved 1048576K
}
Event: 3708.094 GC heap before
{Heap before GC invocations=53 (full 1):
 garbage-first heap   total 122880K, used 110574K [0x0000000744800000, 0x0000000800000000)
  region size 2048K, 23 young (47104K), 1 survivors (2048K)
 Metaspace       used 81601K, committed 82816K, reserved 1179648K
  class space    used 10083K, committed 10624K, reserved 1048576K
}
Event: 3708.098 GC heap after
{Heap after GC invocations=54 (full 1):
 garbage-first heap   total 122880K, used 61718K [0x0000000744800000, 0x0000000800000000)
  region size 2048K, 1 young (2048K), 1 survivors (2048K)
 Metaspace       used 81601K, committed 82816K, reserved 1179648K
  class space    used 10083K, committed 10624K, reserved 1048576K
}
Event: 3947.912 GC heap before
{Heap before GC invocations=54 (full 1):
 garbage-first heap   total 122880K, used 112918K [0x0000000744800000, 0x0000000800000000)
  region size 2048K, 26 young (53248K), 1 survivors (2048K)
 Metaspace       used 81604K, committed 82816K, reserved 1179648K
  class space    used 10083K, committed 10624K, reserved 1048576K
}
Event: 3947.954 GC heap after
{Heap after GC invocations=55 (full 1):
 garbage-first heap   total 122880K, used 61745K [0x0000000744800000, 0x0000000800000000)
  region size 2048K, 1 young (2048K), 1 survivors (2048K)
 Metaspace       used 81604K, committed 82816K, reserved 1179648K
  class space    used 10083K, committed 10624K, reserved 1048576K
}
Event: 4187.929 GC heap before
{Heap before GC invocations=56 (full 1):
 garbage-first heap   total 122880K, used 112945K [0x0000000744800000, 0x0000000800000000)
  region size 2048K, 26 young (53248K), 1 survivors (2048K)
 Metaspace       used 81604K, committed 82816K, reserved 1179648K
  class space    used 10083K, committed 10624K, reserved 1048576K
}
Event: 4187.931 GC heap after
{Heap after GC invocations=57 (full 1):
 garbage-first heap   total 122880K, used 61741K [0x0000000744800000, 0x0000000800000000)
  region size 2048K, 1 young (2048K), 1 survivors (2048K)
 Metaspace       used 81604K, committed 82816K, reserved 1179648K
  class space    used 10083K, committed 10624K, reserved 1048576K
}
Event: 4428.500 GC heap before
{Heap before GC invocations=57 (full 1):
 garbage-first heap   total 122880K, used 112941K [0x0000000744800000, 0x0000000800000000)
  region size 2048K, 26 young (53248K), 1 survivors (2048K)
 Metaspace       used 81604K, committed 82816K, reserved 1179648K
  class space    used 10083K, committed 10624K, reserved 1048576K
}
Event: 4428.509 GC heap after
{Heap after GC invocations=58 (full 1):
 garbage-first heap   total 122880K, used 59941K [0x0000000744800000, 0x0000000800000000)
  region size 2048K, 1 young (2048K), 1 survivors (2048K)
 Metaspace       used 81604K, committed 82816K, reserved 1179648K
  class space    used 10083K, committed 10624K, reserved 1048576K
}
Event: 4647.986 GC heap before
{Heap before GC invocations=58 (full 1):
 garbage-first heap   total 122880K, used 111141K [0x0000000744800000, 0x0000000800000000)
  region size 2048K, 26 young (53248K), 1 survivors (2048K)
 Metaspace       used 81636K, committed 82816K, reserved 1179648K
  class space    used 10083K, committed 10624K, reserved 1048576K
}
Event: 4647.993 GC heap after
{Heap after GC invocations=59 (full 1):
 garbage-first heap   total 122880K, used 60099K [0x0000000744800000, 0x0000000800000000)
  region size 2048K, 1 young (2048K), 1 survivors (2048K)
 Metaspace       used 81636K, committed 82816K, reserved 1179648K
  class space    used 10083K, committed 10624K, reserved 1048576K
}
Event: 4831.208 GC heap before
{Heap before GC invocations=60 (full 1):
 garbage-first heap   total 122880K, used 111299K [0x0000000744800000, 0x0000000800000000)
  region size 2048K, 26 young (53248K), 1 survivors (2048K)
 Metaspace       used 81702K, committed 82816K, reserved 1179648K
  class space    used 10084K, committed 10624K, reserved 1048576K
}
Event: 4831.213 GC heap after
{Heap after GC invocations=61 (full 1):
 garbage-first heap   total 122880K, used 60158K [0x0000000744800000, 0x0000000800000000)
  region size 2048K, 1 young (2048K), 1 survivors (2048K)
 Metaspace       used 81702K, committed 82816K, reserved 1179648K
  class space    used 10084K, committed 10624K, reserved 1048576K
}
Event: 5019.793 GC heap before
{Heap before GC invocations=61 (full 1):
 garbage-first heap   total 122880K, used 111358K [0x0000000744800000, 0x0000000800000000)
  region size 2048K, 26 young (53248K), 1 survivors (2048K)
 Metaspace       used 81971K, committed 82944K, reserved 1179648K
  class space    used 10102K, committed 10624K, reserved 1048576K
}
Event: 5019.797 GC heap after
{Heap after GC invocations=62 (full 1):
 garbage-first heap   total 122880K, used 59303K [0x0000000744800000, 0x0000000800000000)
  region size 2048K, 1 young (2048K), 1 survivors (2048K)
 Metaspace       used 81971K, committed 82944K, reserved 1179648K
  class space    used 10102K, committed 10624K, reserved 1048576K
}
Event: 5221.941 GC heap before
{Heap before GC invocations=62 (full 1):
 garbage-first heap   total 122880K, used 112551K [0x0000000744800000, 0x0000000800000000)
  region size 2048K, 27 young (55296K), 1 survivors (2048K)
 Metaspace       used 82031K, committed 82944K, reserved 1179648K
  class space    used 10103K, committed 10624K, reserved 1048576K
}
Event: 5221.943 GC heap after
{Heap after GC invocations=63 (full 1):
 garbage-first heap   total 122880K, used 59415K [0x0000000744800000, 0x0000000800000000)
  region size 2048K, 1 young (2048K), 1 survivors (2048K)
 Metaspace       used 82031K, committed 82944K, reserved 1179648K
  class space    used 10103K, committed 10624K, reserved 1048576K
}
Event: 5376.681 GC heap before
{Heap before GC invocations=64 (full 1):
 garbage-first heap   total 122880K, used 92183K [0x0000000744800000, 0x0000000800000000)
  region size 2048K, 18 young (36864K), 1 survivors (2048K)
 Metaspace       used 82093K, committed 83008K, reserved 1179648K
  class space    used 10114K, committed 10624K, reserved 1048576K
}

