# JRE version: OpenJDK Runtime Environment (17.0.9+11) (build 17.0.9+11-LTS)
# Java VM: OpenJDK 64-Bit Server VM (17.0.9+11-LTS, mixed mode, sharing, tiered, compressed oops, compressed class ptrs, g1 gc, windows-amd64)
GC Precious Log:
 CPUs: 8 total, 8 available
 Memory: 24267M
 Large Page Support: Disabled
 NUMA Support: Disabled
 Compressed Oops: Enabled (Zero based)
 Heap Region Size: 4M
 Heap Min Capacity: 8M
 Heap Initial Capacity: 380M
 Heap Max Capacity: 6068M
 Pre-touch: Disabled
 Parallel Workers: 8
 Concurrent Workers: 2
 Concurrent Refinement Workers: 8
 Periodic GC: Disabled
Heap:
 garbage-first heap   total 356352K, used 233254K [0x0000000684c00000, 0x0000000800000000)
  region size 4096K, 1 young (4096K), 1 survivors (4096K)
 Metaspace       used 99803K, committed 100800K, reserved 1179648K
  class space    used 11714K, committed 12288K, reserved 1048576K
GC Heap History (20 events):
Event: 1582.246 GC heap after
{Heap after GC invocations=182 (full 4):
 garbage-first heap   total 356352K, used 171031K [0x0000000684c00000, 0x0000000800000000)
  region size 4096K, 1 young (4096K), 1 survivors (4096K)
 Metaspace       used 99001K, committed 100032K, reserved 1179648K
  class space    used 11627K, committed 12224K, reserved 1048576K
}
Event: 1582.743 GC heap before
{Heap before GC invocations=182 (full 4):
 garbage-first heap   total 356352K, used 293911K [0x0000000684c00000, 0x0000000800000000)
  region size 4096K, 31 young (126976K), 1 survivors (4096K)
 Metaspace       used 99002K, committed 100032K, reserved 1179648K
  class space    used 11627K, committed 12224K, reserved 1048576K
}
Event: 1582.745 GC heap after
{Heap after GC invocations=183 (full 4):
 garbage-first heap   total 356352K, used 171749K [0x0000000684c00000, 0x0000000800000000)
  region size 4096K, 1 young (4096K), 1 survivors (4096K)
 Metaspace       used 99002K, committed 100032K, reserved 1179648K
  class space    used 11627K, committed 12224K, reserved 1048576K
}
Event: 1584.013 GC heap before
{Heap before GC invocations=183 (full 4):
 garbage-first heap   total 356352K, used 294629K [0x0000000684c00000, 0x0000000800000000)
  region size 4096K, 31 young (126976K), 1 survivors (4096K)
 Metaspace       used 99004K, committed 100032K, reserved 1179648K
  class space    used 11627K, committed 12224K, reserved 1048576K
}
Event: 1584.015 GC heap after
{Heap after GC invocations=184 (full 4):
 garbage-first heap   total 356352K, used 172306K [0x0000000684c00000, 0x0000000800000000)
  region size 4096K, 2 young (8192K), 2 survivors (8192K)
 Metaspace       used 99004K, committed 100032K, reserved 1179648K
  class space    used 11627K, committed 12224K, reserved 1048576K
}
Event: 1585.026 GC heap before
{Heap before GC invocations=184 (full 4):
 garbage-first heap   total 356352K, used 295186K [0x0000000684c00000, 0x0000000800000000)
  region size 4096K, 32 young (131072K), 2 survivors (8192K)
 Metaspace       used 99004K, committed 100032K, reserved 1179648K
  class space    used 11627K, committed 12224K, reserved 1048576K
}
Event: 1585.028 GC heap after
{Heap after GC invocations=185 (full 4):
 garbage-first heap   total 356352K, used 172457K [0x0000000684c00000, 0x0000000800000000)
  region size 4096K, 2 young (8192K), 2 survivors (8192K)
 Metaspace       used 99004K, committed 100032K, reserved 1179648K
  class space    used 11627K, committed 12224K, reserved 1048576K
}
Event: 1586.941 GC heap before
{Heap before GC invocations=185 (full 4):
 garbage-first heap   total 356352K, used 291241K [0x0000000684c00000, 0x0000000800000000)
  region size 4096K, 32 young (131072K), 2 survivors (8192K)
 Metaspace       used 99150K, committed 100160K, reserved 1179648K
  class space    used 11635K, committed 12224K, reserved 1048576K
}
Event: 1586.944 GC heap after
{Heap after GC invocations=186 (full 4):
 garbage-first heap   total 356352K, used 173183K [0x0000000684c00000, 0x0000000800000000)
  region size 4096K, 2 young (8192K), 2 survivors (8192K)
 Metaspace       used 99150K, committed 100160K, reserved 1179648K
  class space    used 11635K, committed 12224K, reserved 1048576K
}
Event: 1587.452 GC heap before
{Heap before GC invocations=186 (full 4):
 garbage-first heap   total 356352K, used 296063K [0x0000000684c00000, 0x0000000800000000)
  region size 4096K, 32 young (131072K), 2 survivors (8192K)
 Metaspace       used 99175K, committed 100160K, reserved 1179648K
  class space    used 11640K, committed 12224K, reserved 1048576K
}
Event: 1587.463 GC heap after
{Heap after GC invocations=187 (full 4):
 garbage-first heap   total 356352K, used 194053K [0x0000000684c00000, 0x0000000800000000)
  region size 4096K, 4 young (16384K), 4 survivors (16384K)
 Metaspace       used 99175K, committed 100160K, reserved 1179648K
  class space    used 11640K, committed 12224K, reserved 1048576K
}
Event: 1587.618 GC heap before
{Heap before GC invocations=187 (full 4):
 garbage-first heap   total 356352K, used 284165K [0x0000000684c00000, 0x0000000800000000)
  region size 4096K, 26 young (106496K), 4 survivors (16384K)
 Metaspace       used 99175K, committed 100160K, reserved 1179648K
  class space    used 11640K, committed 12224K, reserved 1048576K
}
Event: 1587.635 GC heap after
{Heap after GC invocations=188 (full 4):
 garbage-first heap   total 356352K, used 218740K [0x0000000684c00000, 0x0000000800000000)
  region size 4096K, 4 young (16384K), 4 survivors (16384K)
 Metaspace       used 99175K, committed 100160K, reserved 1179648K
  class space    used 11640K, committed 12224K, reserved 1048576K
}
Event: 1588.024 GC heap before
{Heap before GC invocations=188 (full 4):
 garbage-first heap   total 356352K, used 280180K [0x0000000684c00000, 0x0000000800000000)
  region size 4096K, 19 young (77824K), 4 survivors (16384K)
 Metaspace       used 99185K, committed 100160K, reserved 1179648K
  class space    used 11642K, committed 12224K, reserved 1048576K
}
Event: 1588.032 GC heap after
{Heap after GC invocations=189 (full 4):
 garbage-first heap   total 356352K, used 222986K [0x0000000684c00000, 0x0000000800000000)
  region size 4096K, 2 young (8192K), 2 survivors (8192K)
 Metaspace       used 99185K, committed 100160K, reserved 1179648K
  class space    used 11642K, committed 12224K, reserved 1048576K
}
Event: 1588.441 GC heap before
{Heap before GC invocations=189 (full 4):
 garbage-first heap   total 356352K, used 280330K [0x0000000684c00000, 0x0000000800000000)
  region size 4096K, 16 young (65536K), 2 survivors (8192K)
 Metaspace       used 99185K, committed 100160K, reserved 1179648K
  class space    used 11642K, committed 12224K, reserved 1048576K
}
Event: 1588.443 GC heap after
{Heap after GC invocations=190 (full 4):
 garbage-first heap   total 356352K, used 223655K [0x0000000684c00000, 0x0000000800000000)
  region size 4096K, 1 young (4096K), 1 survivors (4096K)
 Metaspace       used 99185K, committed 100160K, reserved 1179648K
  class space    used 11642K, committed 12224K, reserved 1048576K
}
Event: 1588.820 GC heap before
{Heap before GC invocations=190 (full 4):
 garbage-first heap   total 356352K, used 285095K [0x0000000684c00000, 0x0000000800000000)
  region size 4096K, 16 young (65536K), 1 survivors (4096K)
 Metaspace       used 99794K, committed 100800K, reserved 1179648K
  class space    used 11714K, committed 12288K, reserved 1048576K
}
Event: 1588.825 GC heap after
{Heap after GC invocations=191 (full 4):
 garbage-first heap   total 356352K, used 233284K [0x0000000684c00000, 0x0000000800000000)
  region size 4096K, 2 young (8192K), 2 survivors (8192K)
 Metaspace       used 99794K, committed 100800K, reserved 1179648K
  class space    used 11714K, committed 12288K, reserved 1048576K
}
Event: 1590.232 GC heap before
{Heap before GC invocations=191 (full 4):
 garbage-first heap   total 356352K, used 286532K [0x0000000684c00000, 0x0000000800000000)
  region size 4096K, 15 young (61440K), 2 survivors (8192K)
 Metaspace       used 99803K, committed 100800K, reserved 1179648K
  class space    used 11714K, committed 12288K, reserved 1048576K
}

