# JRE version: Java(TM) SE Runtime Environment (20.0.2+9) (build 20.0.2+9-78)
# Java VM: Java HotSpot(TM) 64-Bit Server VM (20.0.2+9-78, mixed mode, sharing, tiered, compressed oops, compressed class ptrs, g1 gc, windows-amd64)
GC Precious Log:
 CardTable entry size: 512
 Card Set container configuration: InlinePtr #cards 4 size 8 Array Of Cards #cards 16 size 48 Howl #buckets 8 coarsen threshold 3686 Howl Bitmap #cards 512 size 80 coarsen threshold 460 Card regions per heap region 1 cards per card region 4096
 CPUs: 12 total, 12 available
 Memory: 11992M
 Large Page Support: Disabled
 NUMA Support: Disabled
 Compressed Oops: Enabled (Zero based)
 Heap Region Size: 2M
 Heap Min Capacity: 8M
 Heap Initial Capacity: 188M
 Heap Max Capacity: 3000M
 Pre-touch: Disabled
 Parallel Workers: 10
 Concurrent Workers: 3
 Concurrent Refinement Workers: 10
 Periodic GC: Disabled
Heap:
 garbage-first heap   total 120832K, used 83624K [0x0000000744800000, 0x0000000800000000)
  region size 2048K, 20 young (40960K), 0 survivors (0K)
 Metaspace       used 83210K, committed 84288K, reserved 1179648K
  class space    used 10139K, committed 10752K, reserved 1048576K
GC Heap History (20 events):
Event: 3177.347 GC heap before
{Heap before GC invocations=109 (full 1):
 garbage-first heap   total 100352K, used 84062K [0x0000000744800000, 0x0000000800000000)
  region size 2048K, 24 young (49152K), 3 survivors (6144K)
 Metaspace       used 79416K, committed 80320K, reserved 1179648K
  class space    used 9783K, committed 10304K, reserved 1048576K
}
Event: 3177.353 GC heap after
{Heap after GC invocations=110 (full 1):
 garbage-first heap   total 100352K, used 42801K [0x0000000744800000, 0x0000000800000000)
  region size 2048K, 2 young (4096K), 2 survivors (4096K)
 Metaspace       used 79416K, committed 80320K, reserved 1179648K
  class space    used 9783K, committed 10304K, reserved 1048576K
}
Event: 3177.560 GC heap before
{Heap before GC invocations=111 (full 1):
 garbage-first heap   total 100352K, used 87857K [0x0000000744800000, 0x0000000800000000)
  region size 2048K, 24 young (49152K), 2 survivors (4096K)
 Metaspace       used 79763K, committed 80640K, reserved 1179648K
  class space    used 9802K, committed 10304K, reserved 1048576K
}
Event: 3177.564 GC heap after
{Heap after GC invocations=112 (full 1):
 garbage-first heap   total 100352K, used 43950K [0x0000000744800000, 0x0000000800000000)
  region size 2048K, 2 young (4096K), 2 survivors (4096K)
 Metaspace       used 79763K, committed 80640K, reserved 1179648K
  class space    used 9802K, committed 10304K, reserved 1048576K
}
Event: 3177.722 GC heap before
{Heap before GC invocations=112 (full 1):
 garbage-first heap   total 100352K, used 86958K [0x0000000744800000, 0x0000000800000000)
  region size 2048K, 23 young (47104K), 2 survivors (4096K)
 Metaspace       used 80144K, committed 81024K, reserved 1179648K
  class space    used 9823K, committed 10304K, reserved 1048576K
}
Event: 3177.727 GC heap after
{Heap after GC invocations=113 (full 1):
 garbage-first heap   total 100352K, used 45354K [0x0000000744800000, 0x0000000800000000)
  region size 2048K, 3 young (6144K), 3 survivors (6144K)
 Metaspace       used 80144K, committed 81024K, reserved 1179648K
  class space    used 9823K, committed 10304K, reserved 1048576K
}
Event: 3177.906 GC heap before
{Heap before GC invocations=113 (full 1):
 garbage-first heap   total 100352K, used 84266K [0x0000000744800000, 0x0000000800000000)
  region size 2048K, 22 young (45056K), 3 survivors (6144K)
 Metaspace       used 80545K, committed 81472K, reserved 1179648K
  class space    used 9845K, committed 10368K, reserved 1048576K
}
Event: 3177.912 GC heap after
{Heap after GC invocations=114 (full 1):
 garbage-first heap   total 120832K, used 47160K [0x0000000744800000, 0x0000000800000000)
  region size 2048K, 3 young (6144K), 3 survivors (6144K)
 Metaspace       used 80545K, committed 81472K, reserved 1179648K
  class space    used 9845K, committed 10368K, reserved 1048576K
}
Event: 3196.134 GC heap before
{Heap before GC invocations=115 (full 1):
 garbage-first heap   total 120832K, used 102456K [0x0000000744800000, 0x0000000800000000)
  region size 2048K, 30 young (61440K), 3 survivors (6144K)
 Metaspace       used 81183K, committed 82176K, reserved 1179648K
  class space    used 9912K, committed 10432K, reserved 1048576K
}
Event: 3196.141 GC heap after
{Heap after GC invocations=116 (full 1):
 garbage-first heap   total 120832K, used 51512K [0x0000000744800000, 0x0000000800000000)
  region size 2048K, 4 young (8192K), 4 survivors (8192K)
 Metaspace       used 81183K, committed 82176K, reserved 1179648K
  class space    used 9912K, committed 10432K, reserved 1048576K
}
Event: 3205.527 GC heap before
{Heap before GC invocations=116 (full 1):
 garbage-first heap   total 120832K, used 100664K [0x0000000744800000, 0x0000000800000000)
  region size 2048K, 28 young (57344K), 4 survivors (8192K)
 Metaspace       used 81781K, committed 82880K, reserved 1179648K
  class space    used 9997K, committed 10624K, reserved 1048576K
}
Event: 3205.536 GC heap after
{Heap after GC invocations=117 (full 1):
 garbage-first heap   total 120832K, used 52760K [0x0000000744800000, 0x0000000800000000)
  region size 2048K, 2 young (4096K), 2 survivors (4096K)
 Metaspace       used 81781K, committed 82880K, reserved 1179648K
  class space    used 9997K, committed 10624K, reserved 1048576K
}
Event: 3210.297 GC heap before
{Heap before GC invocations=117 (full 1):
 garbage-first heap   total 120832K, used 106008K [0x0000000744800000, 0x0000000800000000)
  region size 2048K, 28 young (57344K), 2 survivors (4096K)
 Metaspace       used 81918K, committed 83008K, reserved 1179648K
  class space    used 10001K, committed 10624K, reserved 1048576K
}
Event: 3210.302 GC heap after
{Heap after GC invocations=118 (full 1):
 garbage-first heap   total 120832K, used 53131K [0x0000000744800000, 0x0000000800000000)
  region size 2048K, 2 young (4096K), 2 survivors (4096K)
 Metaspace       used 81918K, committed 83008K, reserved 1179648K
  class space    used 10001K, committed 10624K, reserved 1048576K
}
Event: 3247.776 GC heap before
{Heap before GC invocations=119 (full 1):
 garbage-first heap   total 120832K, used 106379K [0x0000000744800000, 0x0000000800000000)
  region size 2048K, 28 young (57344K), 2 survivors (4096K)
 Metaspace       used 82179K, committed 83328K, reserved 1179648K
  class space    used 10036K, committed 10688K, reserved 1048576K
}
Event: 3247.781 GC heap after
{Heap after GC invocations=120 (full 1):
 garbage-first heap   total 120832K, used 55478K [0x0000000744800000, 0x0000000800000000)
  region size 2048K, 3 young (6144K), 3 survivors (6144K)
 Metaspace       used 82179K, committed 83328K, reserved 1179648K
  class space    used 10036K, committed 10688K, reserved 1048576K
}
Event: 3385.244 GC heap before
{Heap before GC invocations=120 (full 1):
 garbage-first heap   total 120832K, used 104630K [0x0000000744800000, 0x0000000800000000)
  region size 2048K, 27 young (55296K), 3 survivors (6144K)
 Metaspace       used 82204K, committed 83328K, reserved 1179648K
  class space    used 10043K, committed 10688K, reserved 1048576K
}
Event: 3385.260 GC heap after
{Heap after GC invocations=121 (full 1):
 garbage-first heap   total 120832K, used 55093K [0x0000000744800000, 0x0000000800000000)
  region size 2048K, 2 young (4096K), 2 survivors (4096K)
 Metaspace       used 82204K, committed 83328K, reserved 1179648K
  class space    used 10043K, committed 10688K, reserved 1048576K
}
Event: 3420.102 GC heap before
{Heap before GC invocations=121 (full 1):
 garbage-first heap   total 120832K, used 65333K [0x0000000744800000, 0x0000000800000000)
  region size 2048K, 8 young (16384K), 2 survivors (4096K)
 Metaspace       used 82259K, committed 83392K, reserved 1179648K
  class space    used 10045K, committed 10688K, reserved 1048576K
}
Event: 3420.192 GC heap after
{Heap after GC invocations=122 (full 2):
 garbage-first heap   total 120832K, used 46760K [0x0000000744800000, 0x0000000800000000)
  region size 2048K, 0 young (0K), 0 survivors (0K)
 Metaspace       used 82259K, committed 83392K, reserved 1179648K
  class space    used 10045K, committed 10688K, reserved 1048576K
}

